00:00:00.004075 main     VirtualBox COM Server 6.1.36 r156792 win.amd64 (Nov 27 2025 15:30:00) release log
00:00:00.004076 main     Log opened 2026-03-23T20:48:33.645154000Z
00:00:00.004081 main     Local Time 17:48:33
00:00:00.004082 main     Build Type: release
00:00:00.004086 main     OS Product: Windows 11
00:00:00.004087 main     OS Release: 10.0.26200
00:00:00.004087 main     OS Service Pack: 
00:00:00.019351 main     DMI Product Name: MCR-A520M-DXV4
00:00:00.028106 main     DMI Product Version: V1.0
00:00:00.028114 main     Firmware type: UEFI
00:00:00.028456 main     Secure Boot: VERR_PRIVILEGE_NOT_HELD
00:00:00.028485 main     Host RAM: 15766MB (15.3GB) total, 10936MB (10.6GB) available
00:00:00.028489 main     Executable: C:\Program Files\BlueStacks_nxt\BstkSVC.exe
00:00:00.028489 main     Process ID: 7848
00:00:00.028490 main     Package type: WINDOWS_64BITS_GENERIC (OSE)
00:00:00.031168          VirtualBox: object creation starts
00:00:00.031547          Home directory: 'C:\ProgramData\BlueStacks_nxt\Engine\Manager'
00:00:00.031891          Installed Drivers:
00:00:00.038569          Loading settings file "C:\ProgramData\BlueStacks_nxt\Engine\Manager\BstkGlobal.xml" with version "1.12-windows"
00:00:00.097293          netIfGetBoundAdapters: could not find either 'oracle_VBoxNetLwf' or 'sun_VBoxNetFlt' components (0x1)
00:00:00.100128          HostDnsMonitor: initializing
00:00:00.104535          HostDnsMonitor: updating information
00:00:00.104585          HostDnsMonitor: old information
00:00:00.104591            no server entries
00:00:00.104595            no domain set
00:00:00.104598            no search string entries
00:00:00.104601          HostDnsMonitor: new information
00:00:00.104604            server 1: 192.168.18.1
00:00:00.104608            no domain set
00:00:00.104611            no search string entries
00:00:00.108747          VD: VDInit finished with VINF_SUCCESS
00:00:00.109915          Loading settings file "C:\ProgramData\BlueStacks_nxt\Engine\Pie64\Pie64.bstk" with version "1.19-windows"
00:00:00.110996          VirtualBox: object created
00:00:00.154157          vhdxOpen pszFilename="C:\ProgramData\BlueStacks_nxt\Engine\Pie64\Data.vhdx" uOpenFlags=0x8 pVDIfsDisk=0x0001b17010e7c8 pVDIfsImage=0x0001b16e11f768 enmType=1 ppBackendData=0x0001b16e11f740
00:00:00.154173          vhdxOpenImage flags requested: (0x8)
00:00:00.154290          vhdxFindAndLoadCurrentHeader header 1 is valid.
00:00:00.154297          vhdxParseLog: Log UUId is zero, nothing to replay.
00:00:00.155068          vhdxOpenImage returns rc=VINF_SUCCESS
00:00:00.155081          Image logicalSector:(1859720839680) session_uid:(22196244240) disk_size:(137438953472) block_size:(1048576) current_header_num:(1) chunkratio:4096.
00:00:00.155085          vhdxOpen returns VINF_SUCCESS (pBackendData=0x0001b170101050)
00:14:54.056773 dns-monitor HostDnsMonitor: updating information
00:14:54.056817 dns-monitor HostDnsMonitor: unchanged
00:15:01.480593 dns-monitor HostDnsMonitor: updating information
00:15:01.480627 dns-monitor HostDnsMonitor: unchanged
